<?xml version="1.0" encoding="UTF-8"?>
<testsuite name="jp.co.topgate.kai.sekiguchi.ox.player.CpuTest" tests="1" skipped="0" failures="0" errors="0" timestamp="2017-01-04T09:17:34" hostname="SekiguchiKai-1.local" time="0.012">
  <properties/>
  <testcase name="doMove" classname="jp.co.topgate.kai.sekiguchi.ox.player.CpuTest" time="0.012"/>
  <system-out><![CDATA[CPUの打ち手は、4
 ___  ___  ___
| ○ || 2 || 3 |
 ---  ---  ---
 ___  ___  ___
| 4 || × || 6 |
 ---  ---  ---
 ___  ___  ___
| 7 || 8 || 9 |
 ---  ---  ---
自分の打ち手を入力するにはゲーム盤上に表示されている数字を入力し、Enterキーを押してください
CPUの打ち手は、2
 ___  ___  ___
| ○ || 2 || × |
 ---  ---  ---
 ___  ___  ___
| 4 || × || 6 |
 ---  ---  ---
 ___  ___  ___
| 7 || 8 || 9 |
 ---  ---  ---
自分の打ち手を入力するにはゲーム盤上に表示されている数字を入力し、Enterキーを押してください
CPUの打ち手は、6
 ___  ___  ___
| ○ || 2 || × |
 ---  ---  ---
 ___  ___  ___
| 4 || × || 6 |
 ---  ---  ---
 ___  ___  ___
| × || 8 || 9 |
 ---  ---  ---
自分の打ち手を入力するにはゲーム盤上に表示されている数字を入力し、Enterキーを押してください
CPUの打ち手は、8
 ___  ___  ___
| ○ || 2 || × |
 ---  ---  ---
 ___  ___  ___
| 4 || × || 6 |
 ---  ---  ---
 ___  ___  ___
| × || 8 || × |
 ---  ---  ---
自分の打ち手を入力するにはゲーム盤上に表示されている数字を入力し、Enterキーを押してください
CPUの打ち手は、2
 ___  ___  ___
| × || × || × |
 ---  ---  ---
 ___  ___  ___
| 4 || 5 || 6 |
 ---  ---  ---
 ___  ___  ___
| 7 || 8 || 9 |
 ---  ---  ---
自分の打ち手を入力するにはゲーム盤上に表示されている数字を入力し、Enterキーを押してください
CPUの打ち手は、8
 ___  ___  ___
| × || 2 || 3 |
 ---  ---  ---
 ___  ___  ___
| 4 || × || 6 |
 ---  ---  ---
 ___  ___  ___
| 7 || 8 || × |
 ---  ---  ---
自分の打ち手を入力するにはゲーム盤上に表示されている数字を入力し、Enterキーを押してください
CPUの打ち手は、7
 ___  ___  ___
| 1 || × || 3 |
 ---  ---  ---
 ___  ___  ___
| 4 || × || 6 |
 ---  ---  ---
 ___  ___  ___
| 7 || × || 9 |
 ---  ---  ---
自分の打ち手を入力するにはゲーム盤上に表示されている数字を入力し、Enterキーを押してください
CPUの打ち手は、2
 ___  ___  ___
| ○ || ○ || × |
 ---  ---  ---
 ___  ___  ___
| 4 || 5 || 6 |
 ---  ---  ---
 ___  ___  ___
| 7 || 8 || 9 |
 ---  ---  ---
自分の打ち手を入力するにはゲーム盤上に表示されている数字を入力し、Enterキーを押してください
CPUの打ち手は、8
 ___  ___  ___
| ○ || 2 || 3 |
 ---  ---  ---
 ___  ___  ___
| 4 || ○ || 6 |
 ---  ---  ---
 ___  ___  ___
| 7 || 8 || × |
 ---  ---  ---
自分の打ち手を入力するにはゲーム盤上に表示されている数字を入力し、Enterキーを押してください
CPUの打ち手は、7
 ___  ___  ___
| 1 || ○ || 3 |
 ---  ---  ---
 ___  ___  ___
| 4 || ○ || 6 |
 ---  ---  ---
 ___  ___  ___
| 7 || × || 9 |
 ---  ---  ---
自分の打ち手を入力するにはゲーム盤上に表示されている数字を入力し、Enterキーを押してください
]]></system-out>
  <system-err><![CDATA[]]></system-err>
</testsuite>
