<?xml version="1.0" encoding="UTF-8"?>
<testsuite name="jp.co.topgate.kai.sekiguchi.ox.constantset.SignalTest" tests="1" skipped="0" failures="0" errors="0" timestamp="2017-01-04T09:17:34" hostname="SekiguchiKai-1.local" time="0.0">
  <properties/>
  <testcase name="getSignal" classname="jp.co.topgate.kai.sekiguchi.ox.constantset.SignalTest" time="0.0"/>
  <system-out><![CDATA[]]></system-out>
  <system-err><![CDATA[]]></system-err>
</testsuite>
