<?xml version="1.0" encoding="UTF-8"?>
<testsuite name="jp.co.topgate.kai.sekiguchi.ox.NormalGameLogicTest" tests="2" skipped="0" failures="0" errors="0" timestamp="2016-12-20T02:55:35" hostname="SekiguchiKai-1.local" time="0.014">
  <properties/>
  <testcase name="decideOrder" classname="jp.co.topgate.kai.sekiguchi.ox.NormalGameLogicTest" time="0.014"/>
  <testcase name="judgeResult" classname="jp.co.topgate.kai.sekiguchi.ox.NormalGameLogicTest" time="0.0"/>
  <system-out><![CDATA[]]></system-out>
  <system-err><![CDATA[]]></system-err>
</testsuite>
